0 info it worked if it ends with ok
1 verbose cli [ '/usr/local/bin/node', '/usr/local/bin/npm', 'start' ]
2 info using npm@3.3.12
3 info using node@v5.5.0
4 verbose run-script [ 'prestart', 'start', 'poststart' ]
5 info lifecycle facebook@~prestart: facebook@
6 silly lifecycle facebook@~prestart: no script for prestart, continuing
7 info lifecycle facebook@~start: facebook@
8 verbose lifecycle facebook@~start: unsafe-perm in lifecycle true
9 verbose lifecycle facebook@~start: PATH: /usr/local/lib/node_modules/npm/bin/node-gyp-bin:/Library/WebServer/Documents/facebook/node_modules/.bin:/Library/Frameworks/Python.framework/Versions/3.5/bin:/opt/local/bin:/opt/local/sbin:/usr/local/mysql/bin:/usr/local/bin:/Users/Sambo/.rbenv/shims:/Users/Sambo/.rbenv/shims:/usr/local/bin:/usr/bin:/bin:/usr/sbin:/sbin:/usr/local/git/bin:/Users/Sambo/.rvm/bin:/usr/bin/python3.3:/Users/Sambo/.rvm/bin
10 verbose lifecycle facebook@~start: CWD: /Library/WebServer/Documents/facebook
11 silly lifecycle facebook@~start: Args: [ '-c', 'node server/server.js' ]
12 silly lifecycle facebook@~start: Returned: code: 1  signal: null
13 info lifecycle facebook@~start: Failed to exec start script
14 verbose stack Error: facebook@ start: `node server/server.js`
14 verbose stack Exit status 1
14 verbose stack     at EventEmitter.<anonymous> (/usr/local/lib/node_modules/npm/lib/utils/lifecycle.js:232:16)
14 verbose stack     at emitTwo (events.js:100:13)
14 verbose stack     at EventEmitter.emit (events.js:185:7)
14 verbose stack     at ChildProcess.<anonymous> (/usr/local/lib/node_modules/npm/lib/utils/spawn.js:24:14)
14 verbose stack     at emitTwo (events.js:100:13)
14 verbose stack     at ChildProcess.emit (events.js:185:7)
14 verbose stack     at maybeClose (internal/child_process.js:821:16)
14 verbose stack     at Process.ChildProcess._handle.onexit (internal/child_process.js:211:5)
15 verbose pkgid facebook@
16 verbose cwd /Library/WebServer/Documents/facebook
17 error Darwin 15.3.0
18 error argv "/usr/local/bin/node" "/usr/local/bin/npm" "start"
19 error node v5.5.0
20 error npm  v3.3.12
21 error code ELIFECYCLE
22 error facebook@ start: `node server/server.js`
22 error Exit status 1
23 error Failed at the facebook@ start script 'node server/server.js'.
23 error Make sure you have the latest version of node.js and npm installed.
23 error If you do, this is most likely a problem with the facebook package,
23 error not with npm itself.
23 error Tell the author that this fails on your system:
23 error     node server/server.js
23 error You can get their info via:
23 error     npm owner ls facebook
23 error There is likely additional logging output above.
24 verbose exit [ 1, true ]
